2019-03-14T18:03:25+00:00 CRITICAL Uncaught Error: Call to undefined function et_header() in /var/www/html/tours/wp-content/themes/trendytravel/woocommerce/archive-product.php:27
Stack trace:
#0 /var/www/html/tours/wp-content/plugins/woocommerce/includes/wc-core-functions.php(211): include()
#1 /var/www/html/tours/wp-content/plugins/woocommerce/templates/taxonomy-product_cat.php(22): wc_get_template('archive-product...')
#2 /var/www/html/tours/wp-includes/template-loader.php(74): include('/var/www/html/t...')
#3 /var/www/html/tours/wp-blog-header.php(19): require_once('/var/www/html/t...')
#4 /var/www/html/tours/index.php(17): require('/var/www/html/t...')
#5 {main}
  thrown in /var/www/html/tours/wp-content/themes/trendytravel/woocommerce/archive-product.php on line 27

2019-03-14T18:06:09+00:00 CRITICAL syntax error, unexpected '}', expecting end of file in /var/www/html/tours/wp-content/themes/trendytravel/woocommerce/archive-product.php on line 111

2019-03-14T19:23:28+00:00 CRITICAL Uncaught Error: Call to undefined function seocrawler_get_option() in /var/www/html/tours/wp-content/themes/trendytravel/woocommerce/single-product/meta.php:47
Stack trace:
#0 /var/www/html/tours/wp-content/plugins/woocommerce/includes/wc-core-functions.php(211): include()
#1 /var/www/html/tours/wp-content/plugins/woocommerce/includes/wc-template-functions.php(1465): wc_get_template('single-product/...')
#2 /var/www/html/tours/wp-includes/class-wp-hook.php(286): woocommerce_template_single_meta('')
#3 /var/www/html/tours/wp-includes/class-wp-hook.php(310): WP_Hook->apply_filters(NULL, Array)
#4 /var/www/html/tours/wp-includes/plugin.php(453): WP_Hook->do_action(Array)
#5 /var/www/html/tours/wp-content/plugins/woocommerce/templates/content-single-product.php(58): do_action('woocommerce_sin...')
#6 /var/www/html/tours/wp-includes/template.php(690): require('/var/www/html/t...')
#7 /var/www/html/tours/wp-content/plugins/woocommerce/includes/wc-core-functions.php(181): load_template('/var/www/html/t...', false)
# in /var/www/html/tours/wp-content/themes/trendytravel/woocommerce/single-product/meta.php on line 47

2019-03-14T19:24:02+00:00 CRITICAL Uncaught Error: Call to undefined function seocrawler_get_option() in /var/www/html/tours/wp-content/themes/trendytravel/woocommerce/single-product/meta.php:47
Stack trace:
#0 /var/www/html/tours/wp-content/plugins/woocommerce/includes/wc-core-functions.php(211): include()
#1 /var/www/html/tours/wp-content/plugins/woocommerce/includes/wc-template-functions.php(1465): wc_get_template('single-product/...')
#2 /var/www/html/tours/wp-includes/class-wp-hook.php(286): woocommerce_template_single_meta('')
#3 /var/www/html/tours/wp-includes/class-wp-hook.php(310): WP_Hook->apply_filters(NULL, Array)
#4 /var/www/html/tours/wp-includes/plugin.php(453): WP_Hook->do_action(Array)
#5 /var/www/html/tours/wp-content/plugins/woocommerce/templates/content-single-product.php(58): do_action('woocommerce_sin...')
#6 /var/www/html/tours/wp-includes/template.php(690): require('/var/www/html/t...')
#7 /var/www/html/tours/wp-content/plugins/woocommerce/includes/wc-core-functions.php(181): load_template('/var/www/html/t...', false)
# in /var/www/html/tours/wp-content/themes/trendytravel/woocommerce/single-product/meta.php on line 47

2019-03-14T19:24:42+00:00 CRITICAL Uncaught Error: Call to undefined function seocrawler_get_option() in /var/www/html/tours/wp-content/themes/trendytravel/woocommerce/single-product/meta.php:47
Stack trace:
#0 /var/www/html/tours/wp-content/plugins/woocommerce/includes/wc-core-functions.php(211): include()
#1 /var/www/html/tours/wp-content/plugins/woocommerce/includes/wc-template-functions.php(1465): wc_get_template('single-product/...')
#2 /var/www/html/tours/wp-includes/class-wp-hook.php(286): woocommerce_template_single_meta('')
#3 /var/www/html/tours/wp-includes/class-wp-hook.php(310): WP_Hook->apply_filters(NULL, Array)
#4 /var/www/html/tours/wp-includes/plugin.php(453): WP_Hook->do_action(Array)
#5 /var/www/html/tours/wp-content/plugins/woocommerce/templates/content-single-product.php(58): do_action('woocommerce_sin...')
#6 /var/www/html/tours/wp-includes/template.php(690): require('/var/www/html/t...')
#7 /var/www/html/tours/wp-content/plugins/woocommerce/includes/wc-core-functions.php(181): load_template('/var/www/html/t...', false)
# in /var/www/html/tours/wp-content/themes/trendytravel/woocommerce/single-product/meta.php on line 47

2019-03-14T19:25:14+00:00 CRITICAL Uncaught Error: Call to undefined function seocrawler_get_option() in /var/www/html/tours/wp-content/themes/trendytravel/woocommerce/single-product/meta.php:47
Stack trace:
#0 /var/www/html/tours/wp-content/plugins/woocommerce/includes/wc-core-functions.php(211): include()
#1 /var/www/html/tours/wp-content/plugins/woocommerce/includes/wc-template-functions.php(1465): wc_get_template('single-product/...')
#2 /var/www/html/tours/wp-includes/class-wp-hook.php(286): woocommerce_template_single_meta('')
#3 /var/www/html/tours/wp-includes/class-wp-hook.php(310): WP_Hook->apply_filters(NULL, Array)
#4 /var/www/html/tours/wp-includes/plugin.php(453): WP_Hook->do_action(Array)
#5 /var/www/html/tours/wp-content/plugins/woocommerce/templates/content-single-product.php(58): do_action('woocommerce_sin...')
#6 /var/www/html/tours/wp-includes/template.php(690): require('/var/www/html/t...')
#7 /var/www/html/tours/wp-content/plugins/woocommerce/includes/wc-core-functions.php(181): load_template('/var/www/html/t...', false)
# in /var/www/html/tours/wp-content/themes/trendytravel/woocommerce/single-product/meta.php on line 47

2019-03-14T19:25:40+00:00 CRITICAL Uncaught Error: Call to undefined function seocrawler_get_option() in /var/www/html/tours/wp-content/themes/trendytravel/woocommerce/single-product/meta.php:47
Stack trace:
#0 /var/www/html/tours/wp-content/plugins/woocommerce/includes/wc-core-functions.php(211): include()
#1 /var/www/html/tours/wp-content/plugins/woocommerce/includes/wc-template-functions.php(1465): wc_get_template('single-product/...')
#2 /var/www/html/tours/wp-includes/class-wp-hook.php(286): woocommerce_template_single_meta('')
#3 /var/www/html/tours/wp-includes/class-wp-hook.php(310): WP_Hook->apply_filters(NULL, Array)
#4 /var/www/html/tours/wp-includes/plugin.php(453): WP_Hook->do_action(Array)
#5 /var/www/html/tours/wp-content/plugins/woocommerce/templates/content-single-product.php(58): do_action('woocommerce_sin...')
#6 /var/www/html/tours/wp-includes/template.php(690): require('/var/www/html/t...')
#7 /var/www/html/tours/wp-content/plugins/woocommerce/includes/wc-core-functions.php(181): load_template('/var/www/html/t...', false)
# in /var/www/html/tours/wp-content/themes/trendytravel/woocommerce/single-product/meta.php on line 47

2019-03-14T19:25:44+00:00 CRITICAL Uncaught Error: Call to undefined function seocrawler_get_option() in /var/www/html/tours/wp-content/themes/trendytravel/woocommerce/single-product/meta.php:47
Stack trace:
#0 /var/www/html/tours/wp-content/plugins/woocommerce/includes/wc-core-functions.php(211): include()
#1 /var/www/html/tours/wp-content/plugins/woocommerce/includes/wc-template-functions.php(1465): wc_get_template('single-product/...')
#2 /var/www/html/tours/wp-includes/class-wp-hook.php(286): woocommerce_template_single_meta('')
#3 /var/www/html/tours/wp-includes/class-wp-hook.php(310): WP_Hook->apply_filters(NULL, Array)
#4 /var/www/html/tours/wp-includes/plugin.php(453): WP_Hook->do_action(Array)
#5 /var/www/html/tours/wp-content/plugins/woocommerce/templates/content-single-product.php(58): do_action('woocommerce_sin...')
#6 /var/www/html/tours/wp-includes/template.php(690): require('/var/www/html/t...')
#7 /var/www/html/tours/wp-content/plugins/woocommerce/includes/wc-core-functions.php(181): load_template('/var/www/html/t...', false)
# in /var/www/html/tours/wp-content/themes/trendytravel/woocommerce/single-product/meta.php on line 47

2019-03-14T19:26:13+00:00 CRITICAL Uncaught Error: Call to undefined function seocrawler_get_option() in /var/www/html/tours/wp-content/themes/trendytravel/woocommerce/single-product/meta.php:47
Stack trace:
#0 /var/www/html/tours/wp-content/plugins/woocommerce/includes/wc-core-functions.php(211): include()
#1 /var/www/html/tours/wp-content/plugins/woocommerce/includes/wc-template-functions.php(1465): wc_get_template('single-product/...')
#2 /var/www/html/tours/wp-includes/class-wp-hook.php(286): woocommerce_template_single_meta('')
#3 /var/www/html/tours/wp-includes/class-wp-hook.php(310): WP_Hook->apply_filters(NULL, Array)
#4 /var/www/html/tours/wp-includes/plugin.php(453): WP_Hook->do_action(Array)
#5 /var/www/html/tours/wp-content/plugins/woocommerce/templates/content-single-product.php(58): do_action('woocommerce_sin...')
#6 /var/www/html/tours/wp-includes/template.php(690): require('/var/www/html/t...')
#7 /var/www/html/tours/wp-content/plugins/woocommerce/includes/wc-core-functions.php(181): load_template('/var/www/html/t...', false)
# in /var/www/html/tours/wp-content/themes/trendytravel/woocommerce/single-product/meta.php on line 47

2019-03-14T19:26:47+00:00 CRITICAL Uncaught Error: Call to undefined function seocrawler_get_option() in /var/www/html/tours/wp-content/themes/trendytravel/woocommerce/single-product/meta.php:47
Stack trace:
#0 /var/www/html/tours/wp-content/plugins/woocommerce/includes/wc-core-functions.php(211): include()
#1 /var/www/html/tours/wp-content/plugins/woocommerce/includes/wc-template-functions.php(1465): wc_get_template('single-product/...')
#2 /var/www/html/tours/wp-includes/class-wp-hook.php(286): woocommerce_template_single_meta('')
#3 /var/www/html/tours/wp-includes/class-wp-hook.php(310): WP_Hook->apply_filters(NULL, Array)
#4 /var/www/html/tours/wp-includes/plugin.php(453): WP_Hook->do_action(Array)
#5 /var/www/html/tours/wp-content/plugins/woocommerce/templates/content-single-product.php(58): do_action('woocommerce_sin...')
#6 /var/www/html/tours/wp-includes/template.php(690): require('/var/www/html/t...')
#7 /var/www/html/tours/wp-content/plugins/woocommerce/includes/wc-core-functions.php(181): load_template('/var/www/html/t...', false)
# in /var/www/html/tours/wp-content/themes/trendytravel/woocommerce/single-product/meta.php on line 47

2019-03-14T19:27:25+00:00 CRITICAL Uncaught Error: Call to undefined function seocrawler_get_option() in /var/www/html/tours/wp-content/themes/trendytravel/woocommerce/single-product/meta.php:47
Stack trace:
#0 /var/www/html/tours/wp-content/plugins/woocommerce/includes/wc-core-functions.php(211): include()
#1 /var/www/html/tours/wp-content/plugins/woocommerce/includes/wc-template-functions.php(1465): wc_get_template('single-product/...')
#2 /var/www/html/tours/wp-includes/class-wp-hook.php(286): woocommerce_template_single_meta('')
#3 /var/www/html/tours/wp-includes/class-wp-hook.php(310): WP_Hook->apply_filters(NULL, Array)
#4 /var/www/html/tours/wp-includes/plugin.php(453): WP_Hook->do_action(Array)
#5 /var/www/html/tours/wp-content/plugins/woocommerce/templates/content-single-product.php(58): do_action('woocommerce_sin...')
#6 /var/www/html/tours/wp-includes/template.php(690): require('/var/www/html/t...')
#7 /var/www/html/tours/wp-content/plugins/woocommerce/includes/wc-core-functions.php(181): load_template('/var/www/html/t...', false)
# in /var/www/html/tours/wp-content/themes/trendytravel/woocommerce/single-product/meta.php on line 47

2019-03-14T19:28:45+00:00 CRITICAL Uncaught Error: Call to undefined function seocrawler_get_option() in /var/www/html/tours/wp-content/themes/trendytravel/woocommerce/single-product/meta.php:47
Stack trace:
#0 /var/www/html/tours/wp-content/plugins/woocommerce/includes/wc-core-functions.php(211): include()
#1 /var/www/html/tours/wp-content/plugins/woocommerce/includes/wc-template-functions.php(1465): wc_get_template('single-product/...')
#2 /var/www/html/tours/wp-includes/class-wp-hook.php(286): woocommerce_template_single_meta('')
#3 /var/www/html/tours/wp-includes/class-wp-hook.php(310): WP_Hook->apply_filters(NULL, Array)
#4 /var/www/html/tours/wp-includes/plugin.php(453): WP_Hook->do_action(Array)
#5 /var/www/html/tours/wp-content/plugins/woocommerce/templates/content-single-product.php(58): do_action('woocommerce_sin...')
#6 /var/www/html/tours/wp-includes/template.php(690): require('/var/www/html/t...')
#7 /var/www/html/tours/wp-content/plugins/woocommerce/includes/wc-core-functions.php(181): load_template('/var/www/html/t...', false)
# in /var/www/html/tours/wp-content/themes/trendytravel/woocommerce/single-product/meta.php on line 47

2019-03-14T19:29:02+00:00 CRITICAL Uncaught Error: Call to undefined function seocrawler_get_option() in /var/www/html/tours/wp-content/themes/trendytravel/woocommerce/single-product/meta.php:47
Stack trace:
#0 /var/www/html/tours/wp-content/plugins/woocommerce/includes/wc-core-functions.php(211): include()
#1 /var/www/html/tours/wp-content/plugins/woocommerce/includes/wc-template-functions.php(1465): wc_get_template('single-product/...')
#2 /var/www/html/tours/wp-includes/class-wp-hook.php(286): woocommerce_template_single_meta('')
#3 /var/www/html/tours/wp-includes/class-wp-hook.php(310): WP_Hook->apply_filters(NULL, Array)
#4 /var/www/html/tours/wp-includes/plugin.php(453): WP_Hook->do_action(Array)
#5 /var/www/html/tours/wp-content/plugins/woocommerce/templates/content-single-product.php(58): do_action('woocommerce_sin...')
#6 /var/www/html/tours/wp-includes/template.php(690): require('/var/www/html/t...')
#7 /var/www/html/tours/wp-content/plugins/woocommerce/includes/wc-core-functions.php(181): load_template('/var/www/html/t...', false)
# in /var/www/html/tours/wp-content/themes/trendytravel/woocommerce/single-product/meta.php on line 47

2019-03-14T19:33:10+00:00 CRITICAL Uncaught Error: Call to undefined function seocrawler_get_option() in /var/www/html/tours/wp-content/themes/trendytravel/woocommerce/single-product/meta.php:47
Stack trace:
#0 /var/www/html/tours/wp-content/plugins/woocommerce/includes/wc-core-functions.php(211): include()
#1 /var/www/html/tours/wp-content/plugins/woocommerce/includes/wc-template-functions.php(1465): wc_get_template('single-product/...')
#2 /var/www/html/tours/wp-includes/class-wp-hook.php(286): woocommerce_template_single_meta('')
#3 /var/www/html/tours/wp-includes/class-wp-hook.php(310): WP_Hook->apply_filters(NULL, Array)
#4 /var/www/html/tours/wp-includes/plugin.php(453): WP_Hook->do_action(Array)
#5 /var/www/html/tours/wp-content/plugins/woocommerce/templates/content-single-product.php(58): do_action('woocommerce_sin...')
#6 /var/www/html/tours/wp-includes/template.php(690): require('/var/www/html/t...')
#7 /var/www/html/tours/wp-content/plugins/woocommerce/includes/wc-core-functions.php(181): load_template('/var/www/html/t...', false)
# in /var/www/html/tours/wp-content/themes/trendytravel/woocommerce/single-product/meta.php on line 47

2019-03-14T19:37:05+00:00 CRITICAL Uncaught Error: Call to undefined function seocrawler_get_option() in /var/www/html/tours/wp-content/themes/trendytravel/woocommerce/single-product/meta.php:47
Stack trace:
#0 /var/www/html/tours/wp-content/plugins/woocommerce/includes/wc-core-functions.php(211): include()
#1 /var/www/html/tours/wp-content/plugins/woocommerce/includes/wc-template-functions.php(1465): wc_get_template('single-product/...')
#2 /var/www/html/tours/wp-includes/class-wp-hook.php(286): woocommerce_template_single_meta('')
#3 /var/www/html/tours/wp-includes/class-wp-hook.php(310): WP_Hook->apply_filters(NULL, Array)
#4 /var/www/html/tours/wp-includes/plugin.php(453): WP_Hook->do_action(Array)
#5 /var/www/html/tours/wp-content/plugins/woocommerce/templates/content-single-product.php(58): do_action('woocommerce_sin...')
#6 /var/www/html/tours/wp-includes/template.php(690): require('/var/www/html/t...')
#7 /var/www/html/tours/wp-content/plugins/woocommerce/includes/wc-core-functions.php(181): load_template('/var/www/html/t...', false)
# in /var/www/html/tours/wp-content/themes/trendytravel/woocommerce/single-product/meta.php on line 47

2019-03-14T20:24:27+00:00 CRITICAL Uncaught Error: Call to undefined function seocrawler_get_option() in /var/www/html/tours/wp-content/themes/trendytravel/woocommerce/single-product/meta.php:47
Stack trace:
#0 /var/www/html/tours/wp-content/plugins/woocommerce/includes/wc-core-functions.php(211): include()
#1 /var/www/html/tours/wp-content/plugins/woocommerce/includes/wc-template-functions.php(1465): wc_get_template('single-product/...')
#2 /var/www/html/tours/wp-includes/class-wp-hook.php(286): woocommerce_template_single_meta('')
#3 /var/www/html/tours/wp-includes/class-wp-hook.php(310): WP_Hook->apply_filters(NULL, Array)
#4 /var/www/html/tours/wp-includes/plugin.php(453): WP_Hook->do_action(Array)
#5 /var/www/html/tours/wp-content/plugins/woocommerce/templates/content-single-product.php(58): do_action('woocommerce_sin...')
#6 /var/www/html/tours/wp-includes/template.php(690): require('/var/www/html/t...')
#7 /var/www/html/tours/wp-content/plugins/woocommerce/includes/wc-core-functions.php(181): load_template('/var/www/html/t...', false)
# in /var/www/html/tours/wp-content/themes/trendytravel/woocommerce/single-product/meta.php on line 47

